
 N E X T F L O W   ~  version 24.10.4

Launching `main.nf` [friendly_poitras] DSL2 - revision: 05887263ae

[STATUS] Found FASTQ files in /home/sufyazi/repos/CRMY-NeonDisco-nf/inputs/mybc-main-test/minset
[-        ] process > HLA_TYPING_HLAHD:FISH_HLA_READS_SAMPBOWT    -
[-        ] process > HLA_TYPING_HLAHD:TYPE_HLA_ALLELES_HLAHD     -
[-        ] process > ALIGN_READS_1PASS:ALIGN_READS_1PASS_STARSAM -
[-        ] process > TYPE_HLA_ALLELES_ARCASHLA                   -
[3T, [/home/sufyazi/repos/CRMY-NeonDisco-nf/inputs/mybc-main-test/minset/3T_r1.fq, /home/sufyazi/repos/CRMY-NeonDisco-nf/inputs/mybc-main-test/minset/3T_r2.fq]]
[4T, [/home/sufyazi/repos/CRMY-NeonDisco-nf/inputs/mybc-main-test/minset/4T_r1.fq.gz, /home/sufyazi/repos/CRMY-NeonDisco-nf/inputs/mybc-main-test/minset/4T_r2.fq.gz]]

executor >  local (4)
[fd/002502] process > HLA_TYPING_HLAHD:FISH_HLA_READS_SAMPBOWT (2)    [  0%] 0 of 2
[-        ] process > HLA_TYPING_HLAHD:TYPE_HLA_ALLELES_HLAHD         -
[83/713956] process > ALIGN_READS_1PASS:ALIGN_READS_1PASS_STARSAM (1) [  0%] 0 of 2
[-        ] process > TYPE_HLA_ALLELES_ARCASHLA                       -
[3T, [/home/sufyazi/repos/CRMY-NeonDisco-nf/inputs/mybc-main-test/minset/3T_r1.fq, /home/sufyazi/repos/CRMY-NeonDisco-nf/inputs/mybc-main-test/minset/3T_r2.fq]]
[4T, [/home/sufyazi/repos/CRMY-NeonDisco-nf/inputs/mybc-main-test/minset/4T_r1.fq.gz, /home/sufyazi/repos/CRMY-NeonDisco-nf/inputs/mybc-main-test/minset/4T_r2.fq.gz]]

executor >  local (4)
[fd/002502] process > HLA_TYPING_HLAHD:FISH_HLA_READS_SAMPBOWT (2)    [  0%] 0 of 2
[-        ] process > HLA_TYPING_HLAHD:TYPE_HLA_ALLELES_HLAHD         -
[83/713956] process > ALIGN_READS_1PASS:ALIGN_READS_1PASS_STARSAM (1) [  0%] 0 of 2
[-        ] process > TYPE_HLA_ALLELES_ARCASHLA                       -
[3T, [/home/sufyazi/repos/CRMY-NeonDisco-nf/inputs/mybc-main-test/minset/3T_r1.fq, /home/sufyazi/repos/CRMY-NeonDisco-nf/inputs/mybc-main-test/minset/3T_r2.fq]]
[4T, [/home/sufyazi/repos/CRMY-NeonDisco-nf/inputs/mybc-main-test/minset/4T_r1.fq.gz, /home/sufyazi/repos/CRMY-NeonDisco-nf/inputs/mybc-main-test/minset/4T_r2.fq.gz]]
