
 N E X T F L O W   ~  version 24.10.4

Launching `main.nf` [desperate_kalman] DSL2 - revision: 9ab1fa906f

[STATUS] Found FASTQ files in /home/sufyazi/repos/CRMY-NeonDisco-nf/inputs/mybc-main-test/minset
[-        ] process > HLA_TYPING_HLAHD:FISH_HLA_READS_SAMPBOWT    -
[-        ] process > HLA_TYPING_HLAHD:TYPE_HLA_ALLELES_HLAHD     -
[-        ] process > ALIGN_READS_2PASS:ALIGN_READS_2PASS_STARSAM -

[-        ] process > HLA_TYPING_HLAHD:FISH_HLA_READS_SAMPBOWT           [  0%] 0 of 1
[-        ] process > HLA_TYPING_HLAHD:TYPE_HLA_ALLELES_HLAHD            -
[-        ] process > ALIGN_READS_2PASS:ALIGN_READS_2PASS_STARSAM        [  0%] 0 of 1
[-        ] process > ALIGN_READS_2PASS:FIXMATES_MARKDUPES_BAMS_SAMTOOLS -
[-        ] process > TYPE_HLA_ALLELES_ARCASHLA                          -
[100T, [/home/sufyazi/repos/CRMY-NeonDisco-nf/inputs/mybc-main-test/minset/100T_r1.fq.gz, /home/sufyazi/repos/CRMY-NeonDisco-nf/inputs/mybc-main-test/minset/100T_r2.fq.gz]]
[3T, [/home/sufyazi/repos/CRMY-NeonDisco-nf/inputs/mybc-main-test/minset/3T_r1.fq, /home/sufyazi/repos/CRMY-NeonDisco-nf/inputs/mybc-main-test/minset/3T_r2.fq]]
[7T, [/home/sufyazi/repos/CRMY-NeonDisco-nf/inputs/mybc-main-test/minset/7T_r1.fq.gz, /home/sufyazi/repos/CRMY-NeonDisco-nf/inputs/mybc-main-test/minset/7T_r2.fq.gz]]

executor >  local (4)
[03/4ca647] process > HLA_TYPING_HLAHD:FISH_HLA_READS_SAMPBOWT (3)       [  0%] 0 of 3
[-        ] process > HLA_TYPING_HLAHD:TYPE_HLA_ALLELES_HLAHD            -
[35/89c111] process > ALIGN_READS_2PASS:ALIGN_READS_2PASS_STARSAM (3)    [  0%] 0 of 3
[-        ] process > ALIGN_READS_2PASS:FIXMATES_MARKDUPES_BAMS_SAMTOOLS -
[-        ] process > TYPE_HLA_ALLELES_ARCASHLA                          -
[100T, [/home/sufyazi/repos/CRMY-NeonDisco-nf/inputs/mybc-main-test/minset/100T_r1.fq.gz, /home/sufyazi/repos/CRMY-NeonDisco-nf/inputs/mybc-main-test/minset/100T_r2.fq.gz]]
[3T, [/home/sufyazi/repos/CRMY-NeonDisco-nf/inputs/mybc-main-test/minset/3T_r1.fq, /home/sufyazi/repos/CRMY-NeonDisco-nf/inputs/mybc-main-test/minset/3T_r2.fq]]
[7T, [/home/sufyazi/repos/CRMY-NeonDisco-nf/inputs/mybc-main-test/minset/7T_r1.fq.gz, /home/sufyazi/repos/CRMY-NeonDisco-nf/inputs/mybc-main-test/minset/7T_r2.fq.gz]]

executor >  local (5)
[03/4ca647] process > HLA_TYPING_HLAHD:FISH_HLA_READS_SAMPBOWT (3)       [ 33%] 1 of 3
[-        ] process > HLA_TYPING_HLAHD:TYPE_HLA_ALLELES_HLAHD            [  0%] 0 of 1
[35/89c111] process > ALIGN_READS_2PASS:ALIGN_READS_2PASS_STARSAM (3)    [  0%] 0 of 3
[-        ] process > ALIGN_READS_2PASS:FIXMATES_MARKDUPES_BAMS_SAMTOOLS -
[-        ] process > TYPE_HLA_ALLELES_ARCASHLA                          -




executor >  local (6)
[03/4ca647] process > HLA_TYPING_HLAHD:FISH_HLA_READS_SAMPBOWT (3)       [ 33%] 1 of 3
[93/7f2091] process > HLA_TYPING_HLAHD:TYPE_HLA_ALLELES_HLAHD (1)        [  0%] 0 of 1
[35/89c111] process > ALIGN_READS_2PASS:ALIGN_READS_2PASS_STARSAM (3)    [  0%] 0 of 3
[-        ] process > ALIGN_READS_2PASS:FIXMATES_MARKDUPES_BAMS_SAMTOOLS -
[-        ] process > TYPE_HLA_ALLELES_ARCASHLA                          -




executor >  local (6)
[03/4ca647] process > HLA_TYPING_HLAHD:FISH_HLA_READS_SAMPBOWT (3)       [ 33%] 1 of 3
[93/7f2091] process > HLA_TYPING_HLAHD:TYPE_HLA_ALLELES_HLAHD (1)        [100%] 1 of 1
[35/89c111] process > ALIGN_READS_2PASS:ALIGN_READS_2PASS_STARSAM (3)    [  0%] 0 of 3
[-        ] process > ALIGN_READS_2PASS:FIXMATES_MARKDUPES_BAMS_SAMTOOLS -
[-        ] process > TYPE_HLA_ALLELES_ARCASHLA                          -

executor >  local (6)
[a8/df4c07] process > HLA_TYPING_HLAHD:FISH_HLA_READS_SAMPBOWT (1)       [ 66%] 2 of 3
[93/7f2091] process > HLA_TYPING_HLAHD:TYPE_HLA_ALLELES_HLAHD (1)        [ 50%] 1 of 2
[35/89c111] process > ALIGN_READS_2PASS:ALIGN_READS_2PASS_STARSAM (3)    [  0%] 0 of 3
[-        ] process > ALIGN_READS_2PASS:FIXMATES_MARKDUPES_BAMS_SAMTOOLS -
[-        ] process > TYPE_HLA_ALLELES_ARCASHLA                          -

executor >  local (7)
[a8/df4c07] process > HLA_TYPING_HLAHD:FISH_HLA_READS_SAMPBOWT (1)       [ 66%] 2 of 3
[a3/9d0328] process > HLA_TYPING_HLAHD:TYPE_HLA_ALLELES_HLAHD (2)        [ 50%] 1 of 2
[35/89c111] process > ALIGN_READS_2PASS:ALIGN_READS_2PASS_STARSAM (3)    [  0%] 0 of 3
[-        ] process > ALIGN_READS_2PASS:FIXMATES_MARKDUPES_BAMS_SAMTOOLS -
[-        ] process > TYPE_HLA_ALLELES_ARCASHLA                          -

executor >  local (7)
[a8/df4c07] process > HLA_TYPING_HLAHD:FISH_HLA_READS_SAMPBOWT (1)       [ 66%] 2 of 3
[a3/9d0328] process > HLA_TYPING_HLAHD:TYPE_HLA_ALLELES_HLAHD (2)        [ 33%] 1 of 3
[35/89c111] process > ALIGN_READS_2PASS:ALIGN_READS_2PASS_STARSAM (3)    [  0%] 0 of 3
[-        ] process > ALIGN_READS_2PASS:FIXMATES_MARKDUPES_BAMS_SAMTOOLS -
[-        ] process > TYPE_HLA_ALLELES_ARCASHLA                          -

executor >  local (8)
[bf/b9f034] process > HLA_TYPING_HLAHD:FISH_HLA_READS_SAMPBOWT (2)       [100%] 3 of 3 ✔
[16/14891e] process > HLA_TYPING_HLAHD:TYPE_HLA_ALLELES_HLAHD (3)        [ 33%] 1 of 3
[35/89c111] process > ALIGN_READS_2PASS:ALIGN_READS_2PASS_STARSAM (3)    [  0%] 0 of 3
[-        ] process > ALIGN_READS_2PASS:FIXMATES_MARKDUPES_BAMS_SAMTOOLS -
[-        ] process > TYPE_HLA_ALLELES_ARCASHLA                          -
