
 N E X T F L O W   ~  version 24.10.4

WARN: It appears you have never run this project before -- Option `-resume` is ignored
Launching `main.nf` [condescending_euclid] DSL2 - revision: 79e7e89512

[STATUS] Found FASTQ files in /home/sufyazi/repos/CRMY-NeonDisco-nf/inputs/mybc-main-test/minset
[-        ] process > HLA_TYPING_HLAHD:FISH_HLA_READS_SAMPBOWT    -
[-        ] process > HLA_TYPING_HLAHD:TYPE_HLA_ALLELES_HLAHD     -
[-        ] process > ALIGN_READS_2PASS:ALIGN_READS_2PASS_STARSAM -
[-        ] process > TYPE_HLA_ALLELES_ARCASHLA                   -
[100T, [/home/sufyazi/repos/CRMY-NeonDisco-nf/inputs/mybc-main-test/minset/100T_r1.fq.gz, /home/sufyazi/repos/CRMY-NeonDisco-nf/inputs/mybc-main-test/minset/100T_r2.fq.gz]]
[3T, [/home/sufyazi/repos/CRMY-NeonDisco-nf/inputs/mybc-main-test/minset/3T_r1.fq, /home/sufyazi/repos/CRMY-NeonDisco-nf/inputs/mybc-main-test/minset/3T_r2.fq]]
[7T, [/home/sufyazi/repos/CRMY-NeonDisco-nf/inputs/mybc-main-test/minset/7T_r1.fq.gz, /home/sufyazi/repos/CRMY-NeonDisco-nf/inputs/mybc-main-test/minset/7T_r2.fq.gz]]

executor >  local (4)
[a7/8fef47] process > HLA_TYPING_HLAHD:FISH_HLA_READS_SAMPBOWT (3)    [  0%] 0 of 3
[-        ] process > HLA_TYPING_HLAHD:TYPE_HLA_ALLELES_HLAHD         -
[56/929439] process > ALIGN_READS_2PASS:ALIGN_READS_2PASS_STARSAM (3) [  0%] 0 of 3
[-        ] process > TYPE_HLA_ALLELES_ARCASHLA                       -
[100T, [/home/sufyazi/repos/CRMY-NeonDisco-nf/inputs/mybc-main-test/minset/100T_r1.fq.gz, /home/sufyazi/repos/CRMY-NeonDisco-nf/inputs/mybc-main-test/minset/100T_r2.fq.gz]]
[3T, [/home/sufyazi/repos/CRMY-NeonDisco-nf/inputs/mybc-main-test/minset/3T_r1.fq, /home/sufyazi/repos/CRMY-NeonDisco-nf/inputs/mybc-main-test/minset/3T_r2.fq]]
[7T, [/home/sufyazi/repos/CRMY-NeonDisco-nf/inputs/mybc-main-test/minset/7T_r1.fq.gz, /home/sufyazi/repos/CRMY-NeonDisco-nf/inputs/mybc-main-test/minset/7T_r2.fq.gz]]

executor >  local (4)
[a7/8fef47] process > HLA_TYPING_HLAHD:FISH_HLA_READS_SAMPBOWT (3)    [  0%] 0 of 3
[-        ] process > HLA_TYPING_HLAHD:TYPE_HLA_ALLELES_HLAHD         -
[56/929439] process > ALIGN_READS_2PASS:ALIGN_READS_2PASS_STARSAM (3) [  0%] 0 of 3
[-        ] process > TYPE_HLA_ALLELES_ARCASHLA                       -
[100T, [/home/sufyazi/repos/CRMY-NeonDisco-nf/inputs/mybc-main-test/minset/100T_r1.fq.gz, /home/sufyazi/repos/CRMY-NeonDisco-nf/inputs/mybc-main-test/minset/100T_r2.fq.gz]]
[3T, [/home/sufyazi/repos/CRMY-NeonDisco-nf/inputs/mybc-main-test/minset/3T_r1.fq, /home/sufyazi/repos/CRMY-NeonDisco-nf/inputs/mybc-main-test/minset/3T_r2.fq]]
[7T, [/home/sufyazi/repos/CRMY-NeonDisco-nf/inputs/mybc-main-test/minset/7T_r1.fq.gz, /home/sufyazi/repos/CRMY-NeonDisco-nf/inputs/mybc-main-test/minset/7T_r2.fq.gz]]
