
 N E X T F L O W   ~  version 24.10.4

Launching `main.nf` [magical_roentgen] DSL2 - revision: 36baca0047

[STATUS] Found FASTQ files in /home/sufyazi/repos/CRMY-NeonDisco-nf/inputs/mybc-main-test
[-        ] TRIM_READS:TRIM_READS_FASTP       -
[-        ] FISH_HLAS:FISH_HLA_READS_SAMPBOWT -
[-        ] TYPE_HLAS:TYPE_HLA_ALLELES_HLAHD  -

executor >  local (3)
[70/a16bdb] TRIM_READS:TRIM_READS_FASTP (5)       [100%] 5 of 5, cached: 5 ✔
[17/5bf80e] FISH_HLAS:FISH_HLA_READS_SAMPBOWT (3) [ 80%] 4 of 5, cached: 4
[3f/c0c48d] TYPE_HLAS:TYPE_HLA_ALLELES_HLAHD (3)  [  0%] 0 of 3
[7T, [/home/sufyazi/repos/CRMY-NeonDisco-nf/work/70/a16bdb88568fef5c49fcc9de706151/7T_trimmed.R1.fq.gz, /home/sufyazi/repos/CRMY-NeonDisco-nf/work/70/a16bdb88568fef5c49fcc9de706151/7T_trimmed.R2.fq.gz]]
[5T, [/home/sufyazi/repos/CRMY-NeonDisco-nf/work/20/e414457b090d250a8ff7d3f1c3022b/5T_trimmed.R1.fq.gz, /home/sufyazi/repos/CRMY-NeonDisco-nf/work/20/e414457b090d250a8ff7d3f1c3022b/5T_trimmed.R2.fq.gz]]
[100T, [/home/sufyazi/repos/CRMY-NeonDisco-nf/work/4d/7707b17da58717e997100f5512d230/100T_trimmed.R1.fq.gz, /home/sufyazi/repos/CRMY-NeonDisco-nf/work/4d/7707b17da58717e997100f5512d230/100T_trimmed.R2.fq.gz]]
[3T, [/home/sufyazi/repos/CRMY-NeonDisco-nf/work/f8/4dffcecd4b6b667a73352051d2ec11/3T_trimmed.R1.fq.gz, /home/sufyazi/repos/CRMY-NeonDisco-nf/work/f8/4dffcecd4b6b667a73352051d2ec11/3T_trimmed.R2.fq.gz]]
[4T, [/home/sufyazi/repos/CRMY-NeonDisco-nf/work/8a/327070bf043a0071cfe27abcde1a5c/4T_trimmed.R1.fq.gz, /home/sufyazi/repos/CRMY-NeonDisco-nf/work/8a/327070bf043a0071cfe27abcde1a5c/4T_trimmed.R2.fq.gz]]
[5T, [/home/sufyazi/repos/CRMY-NeonDisco-nf/work/01/5cc0bae2d9e1d6072aa1cab6072624/5T_Bam2Fq_R1.fastq, /home/sufyazi/repos/CRMY-NeonDisco-nf/work/01/5cc0bae2d9e1d6072aa1cab6072624/5T_Bam2Fq_R2.fastq, /home/sufyazi/repos/CRMY-NeonDisco-nf/work/01/5cc0bae2d9e1d6072aa1cab6072624/5T_R1.fastq, /home/sufyazi/repos/CRMY-NeonDisco-nf/work/01/5cc0bae2d9e1d6072aa1cab6072624/5T_R2.fastq]]
[7T, [/home/sufyazi/repos/CRMY-NeonDisco-nf/work/b8/ce111fc303847698aec5c25817abae/7T_Bam2Fq_R1.fastq, /home/sufyazi/repos/CRMY-NeonDisco-nf/work/b8/ce111fc303847698aec5c25817abae/7T_Bam2Fq_R2.fastq, /home/sufyazi/repos/CRMY-NeonDisco-nf/work/b8/ce111fc303847698aec5c25817abae/7T_R1.fastq, /home/sufyazi/repos/CRMY-NeonDisco-nf/work/b8/ce111fc303847698aec5c25817abae/7T_R2.fastq]]
[4T, [/home/sufyazi/repos/CRMY-NeonDisco-nf/work/a8/3557bfbc58e18f44c8701734f65447/4T_Bam2Fq_R1.fastq, /home/sufyazi/repos/CRMY-NeonDisco-nf/work/a8/3557bfbc58e18f44c8701734f65447/4T_Bam2Fq_R2.fastq, /home/sufyazi/repos/CRMY-NeonDisco-nf/work/a8/3557bfbc58e18f44c8701734f65447/4T_R1.fastq, /home/sufyazi/repos/CRMY-NeonDisco-nf/work/a8/3557bfbc58e18f44c8701734f65447/4T_R2.fastq]]
[3T, [/home/sufyazi/repos/CRMY-NeonDisco-nf/work/16/89e1f9282f76770234e82c46403774/3T_Bam2Fq_R1.fastq, /home/sufyazi/repos/CRMY-NeonDisco-nf/work/16/89e1f9282f76770234e82c46403774/3T_Bam2Fq_R2.fastq, /home/sufyazi/repos/CRMY-NeonDisco-nf/work/16/89e1f9282f76770234e82c46403774/3T_R1.fastq, /home/sufyazi/repos/CRMY-NeonDisco-nf/work/16/89e1f9282f76770234e82c46403774/3T_R2.fastq]]

executor >  local (4)
[70/a16bdb] TRIM_READS:TRIM_READS_FASTP (5)       [100%] 5 of 5, cached: 5 ✔
[17/5bf80e] FISH_HLAS:FISH_HLA_READS_SAMPBOWT (3) [ 80%] 4 of 5, cached: 4
[26/4d8e94] TYPE_HLAS:TYPE_HLA_ALLELES_HLAHD (2)  [ 25%] 1 of 4, cached: 1
[7T, [/home/sufyazi/repos/CRMY-NeonDisco-nf/work/70/a16bdb88568fef5c49fcc9de706151/7T_trimmed.R1.fq.gz, /home/sufyazi/repos/CRMY-NeonDisco-nf/work/70/a16bdb88568fef5c49fcc9de706151/7T_trimmed.R2.fq.gz]]
[5T, [/home/sufyazi/repos/CRMY-NeonDisco-nf/work/20/e414457b090d250a8ff7d3f1c3022b/5T_trimmed.R1.fq.gz, /home/sufyazi/repos/CRMY-NeonDisco-nf/work/20/e414457b090d250a8ff7d3f1c3022b/5T_trimmed.R2.fq.gz]]
[100T, [/home/sufyazi/repos/CRMY-NeonDisco-nf/work/4d/7707b17da58717e997100f5512d230/100T_trimmed.R1.fq.gz, /home/sufyazi/repos/CRMY-NeonDisco-nf/work/4d/7707b17da58717e997100f5512d230/100T_trimmed.R2.fq.gz]]
[3T, [/home/sufyazi/repos/CRMY-NeonDisco-nf/work/f8/4dffcecd4b6b667a73352051d2ec11/3T_trimmed.R1.fq.gz, /home/sufyazi/repos/CRMY-NeonDisco-nf/work/f8/4dffcecd4b6b667a73352051d2ec11/3T_trimmed.R2.fq.gz]]
[4T, [/home/sufyazi/repos/CRMY-NeonDisco-nf/work/8a/327070bf043a0071cfe27abcde1a5c/4T_trimmed.R1.fq.gz, /home/sufyazi/repos/CRMY-NeonDisco-nf/work/8a/327070bf043a0071cfe27abcde1a5c/4T_trimmed.R2.fq.gz]]
[5T, [/home/sufyazi/repos/CRMY-NeonDisco-nf/work/01/5cc0bae2d9e1d6072aa1cab6072624/5T_Bam2Fq_R1.fastq, /home/sufyazi/repos/CRMY-NeonDisco-nf/work/01/5cc0bae2d9e1d6072aa1cab6072624/5T_Bam2Fq_R2.fastq, /home/sufyazi/repos/CRMY-NeonDisco-nf/work/01/5cc0bae2d9e1d6072aa1cab6072624/5T_R1.fastq, /home/sufyazi/repos/CRMY-NeonDisco-nf/work/01/5cc0bae2d9e1d6072aa1cab6072624/5T_R2.fastq]]
[7T, [/home/sufyazi/repos/CRMY-NeonDisco-nf/work/b8/ce111fc303847698aec5c25817abae/7T_Bam2Fq_R1.fastq, /home/sufyazi/repos/CRMY-NeonDisco-nf/work/b8/ce111fc303847698aec5c25817abae/7T_Bam2Fq_R2.fastq, /home/sufyazi/repos/CRMY-NeonDisco-nf/work/b8/ce111fc303847698aec5c25817abae/7T_R1.fastq, /home/sufyazi/repos/CRMY-NeonDisco-nf/work/b8/ce111fc303847698aec5c25817abae/7T_R2.fastq]]
[4T, [/home/sufyazi/repos/CRMY-NeonDisco-nf/work/a8/3557bfbc58e18f44c8701734f65447/4T_Bam2Fq_R1.fastq, /home/sufyazi/repos/CRMY-NeonDisco-nf/work/a8/3557bfbc58e18f44c8701734f65447/4T_Bam2Fq_R2.fastq, /home/sufyazi/repos/CRMY-NeonDisco-nf/work/a8/3557bfbc58e18f44c8701734f65447/4T_R1.fastq, /home/sufyazi/repos/CRMY-NeonDisco-nf/work/a8/3557bfbc58e18f44c8701734f65447/4T_R2.fastq]]
[3T, [/home/sufyazi/repos/CRMY-NeonDisco-nf/work/16/89e1f9282f76770234e82c46403774/3T_Bam2Fq_R1.fastq, /home/sufyazi/repos/CRMY-NeonDisco-nf/work/16/89e1f9282f76770234e82c46403774/3T_Bam2Fq_R2.fastq, /home/sufyazi/repos/CRMY-NeonDisco-nf/work/16/89e1f9282f76770234e82c46403774/3T_R1.fastq, /home/sufyazi/repos/CRMY-NeonDisco-nf/work/16/89e1f9282f76770234e82c46403774/3T_R2.fastq]]

executor >  local (5)
[70/a16bdb] TRIM_READS:TRIM_READS_FASTP (5)       [100%] 5 of 5, cached: 5 ✔
[17/5bf80e] FISH_HLAS:FISH_HLA_READS_SAMPBOWT (3) [100%] 5 of 5, cached: 4 ✔
[32/3c412c] TYPE_HLAS:TYPE_HLA_ALLELES_HLAHD (5)  [ 20%] 1 of 5, cached: 1
[100T, [/home/sufyazi/repos/CRMY-NeonDisco-nf/work/17/5bf80eb75b311f63d82db53d682bfd/100T_Bam2Fq_R1.fastq, /home/sufyazi/repos/CRMY-NeonDisco-nf/work/17/5bf80eb75b311f63d82db53d682bfd/100T_Bam2Fq_R2.fastq, /home/sufyazi/repos/CRMY-NeonDisco-nf/work/17/5bf80eb75b311f63d82db53d682bfd/100T_R1.fastq, /home/sufyazi/repos/CRMY-NeonDisco-nf/work/17/5bf80eb75b311f63d82db53d682bfd/100T_R2.fastq]]










executor >  local (5)
[70/a16bdb] TRIM_READS:TRIM_READS_FASTP (5)       [100%] 5 of 5, cached: 5 ✔
[17/5bf80e] FISH_HLAS:FISH_HLA_READS_SAMPBOWT (3) [100%] 5 of 5, cached: 4 ✔
[32/3c412c] TYPE_HLAS:TYPE_HLA_ALLELES_HLAHD (5)  [ 20%] 1 of 5, cached: 1
[100T, [/home/sufyazi/repos/CRMY-NeonDisco-nf/work/17/5bf80eb75b311f63d82db53d682bfd/100T_Bam2Fq_R1.fastq, /home/sufyazi/repos/CRMY-NeonDisco-nf/work/17/5bf80eb75b311f63d82db53d682bfd/100T_Bam2Fq_R2.fastq, /home/sufyazi/repos/CRMY-NeonDisco-nf/work/17/5bf80eb75b311f63d82db53d682bfd/100T_R1.fastq, /home/sufyazi/repos/CRMY-NeonDisco-nf/work/17/5bf80eb75b311f63d82db53d682bfd/100T_R2.fastq]]










executor >  local (5)
[70/a16bdb] TRIM_READS:TRIM_READS_FASTP (5)       [100%] 5 of 5, cached: 5 ✔
[17/5bf80e] FISH_HLAS:FISH_HLA_READS_SAMPBOWT (3) [100%] 5 of 5, cached: 4 ✔
[28/fa7fd5] TYPE_HLAS:TYPE_HLA_ALLELES_HLAHD (1)  [ 40%] 2 of 5, cached: 1


executor >  local (5)
[70/a16bdb] TRIM_READS:TRIM_READS_FASTP (5)       [100%] 5 of 5, cached: 5 ✔
[17/5bf80e] FISH_HLAS:FISH_HLA_READS_SAMPBOWT (3) [100%] 5 of 5, cached: 4 ✔
[1c/693790] TYPE_HLAS:TYPE_HLA_ALLELES_HLAHD (4)  [ 60%] 3 of 5, cached: 1


executor >  local (5)
[70/a16bdb] TRIM_READS:TRIM_READS_FASTP (5)       [100%] 5 of 5, cached: 5 ✔
[17/5bf80e] FISH_HLAS:FISH_HLA_READS_SAMPBOWT (3) [100%] 5 of 5, cached: 4 ✔
[3f/c0c48d] TYPE_HLAS:TYPE_HLA_ALLELES_HLAHD (3)  [ 80%] 4 of 5, cached: 1

executor >  local (5)
[70/a16bdb] TRIM_READS:TRIM_READS_FASTP (5)       [100%] 5 of 5, cached: 5 ✔
[17/5bf80e] FISH_HLAS:FISH_HLA_READS_SAMPBOWT (3) [100%] 5 of 5, cached: 4 ✔
[32/3c412c] TYPE_HLAS:TYPE_HLA_ALLELES_HLAHD (5)  [100%] 5 of 5, cached: 1 ✔
Pipeline completed at: 2025-02-27T17:24:10.823427534+08:00
Execution status: OK
Completed at: 27-Feb-2025 17:24:10
Duration    : 3h 19m 12s
CPU hours   : 11.9 (16.5% cached)
Succeeded   : 5
Cached      : 10


