
 N E X T F L O W   ~  version 24.10.5

Launching `main.nf` [fervent_poitras] DSL2 - revision: 429bf4b2e6

[STATUS] Found FASTQ files in /home/ec2-user/repos/NeonDisco/inputs/minimal-test
[-        ] process > HLA_TYPING_HLAHD:FISH_HLA_READS_SAMPBOWT      -
[-        ] process > HLA_TYPING_HLAHD:TYPE_HLA_ALLELES_HLAHD       -
[-        ] process > ALIGN_READS_2PASS:ALIGN_READS_2PASS_STARSAM   -
[-        ] process > ALIGN_READS_2PASS:FIXMATES_MARKDUPES_SAMTOOLS -
[-        ] process > HLA_TYPING_ARCASHLA:TYPE_HLA_ALLELES_ARCASHLA -
[40T, [/home/ec2-user/repos/NeonDisco/inputs/minimal-test/40T_r1.fq.gz, /home/ec2-user/repos/NeonDisco/inputs/minimal-test/40T_r2.fq.gz]]

executor >  local (2)
[2b/4d1db0] process > HLA_TYPING_HLAHD:FISH_HLA_READS_SAMPBOWT (1)    [  0%] 0 of 1
[-        ] process > HLA_TYPING_HLAHD:TYPE_HLA_ALLELES_HLAHD         -
[45/cdd220] process > ALIGN_READS_2PASS:ALIGN_READS_2PASS_STARSAM (1) [  0%] 0 of 1
[-        ] process > ALIGN_READS_2PASS:FIXMATES_MARKDUPES_SAMTOOLS   -
[-        ] process > HLA_TYPING_ARCASHLA:TYPE_HLA_ALLELES_ARCASHLA   -
[40T, [/home/ec2-user/repos/NeonDisco/inputs/minimal-test/40T_r1.fq.gz, /home/ec2-user/repos/NeonDisco/inputs/minimal-test/40T_r2.fq.gz]]

executor >  local (2)
[2b/4d1db0] process > HLA_TYPING_HLAHD:FISH_HLA_READS_SAMPBOWT (1)    [  0%] 0 of 1
[-        ] process > HLA_TYPING_HLAHD:TYPE_HLA_ALLELES_HLAHD         -
[45/cdd220] process > ALIGN_READS_2PASS:ALIGN_READS_2PASS_STARSAM (1) [  0%] 0 of 1
[-        ] process > ALIGN_READS_2PASS:FIXMATES_MARKDUPES_SAMTOOLS   -
[-        ] process > HLA_TYPING_ARCASHLA:TYPE_HLA_ALLELES_ARCASHLA   -
[40T, [/home/ec2-user/repos/NeonDisco/inputs/minimal-test/40T_r1.fq.gz, /home/ec2-user/repos/NeonDisco/inputs/minimal-test/40T_r2.fq.gz]]

executor >  local (3)
[2b/4d1db0] process > HLA_TYPING_HLAHD:FISH_HLA_READS_SAMPBOWT (1)    [100%] 1 of 1 ✔
[81/c95426] process > HLA_TYPING_HLAHD:TYPE_HLA_ALLELES_HLAHD (1)     [  0%] 0 of 1
[45/cdd220] process > ALIGN_READS_2PASS:ALIGN_READS_2PASS_STARSAM (1) [  0%] 0 of 1
[-        ] process > ALIGN_READS_2PASS:FIXMATES_MARKDUPES_SAMTOOLS   -
[-        ] process > HLA_TYPING_ARCASHLA:TYPE_HLA_ALLELES_ARCASHLA   -


executor >  local (3)
[2b/4d1db0] process > HLA_TYPING_HLAHD:FISH_HLA_READS_SAMPBOWT (1)    [100%] 1 of 1 ✔
[81/c95426] process > HLA_TYPING_HLAHD:TYPE_HLA_ALLELES_HLAHD (1)     [  0%] 0 of 1
[45/cdd220] process > ALIGN_READS_2PASS:ALIGN_READS_2PASS_STARSAM (1) [  0%] 0 of 1
[-        ] process > ALIGN_READS_2PASS:FIXMATES_MARKDUPES_SAMTOOLS   -
[-        ] process > HLA_TYPING_ARCASHLA:TYPE_HLA_ALLELES_ARCASHLA   -


executor >  local (3)
[2b/4d1db0] process > HLA_TYPING_HLAHD:FISH_HLA_READS_SAMPBOWT (1)    [100%] 1 of 1 ✔
[81/c95426] process > HLA_TYPING_HLAHD:TYPE_HLA_ALLELES_HLAHD (1)     [  0%] 0 of 1
[45/cdd220] process > ALIGN_READS_2PASS:ALIGN_READS_2PASS_STARSAM (1) [100%] 1 of 1 ✔
[-        ] process > ALIGN_READS_2PASS:FIXMATES_MARKDUPES_SAMTOOLS   -
[-        ] process > HLA_TYPING_ARCASHLA:TYPE_HLA_ALLELES_ARCASHLA   -

executor >  local (4)
[2b/4d1db0] process > HLA_TYPING_HLAHD:FISH_HLA_READS_SAMPBOWT (1)      [100%] 1 of 1 ✔
[81/c95426] process > HLA_TYPING_HLAHD:TYPE_HLA_ALLELES_HLAHD (1)       [  0%] 0 of 1
[45/cdd220] process > ALIGN_READS_2PASS:ALIGN_READS_2PASS_STARSAM (1)   [100%] 1 of 1 ✔
[0a/7219b8] process > ALIGN_READS_2PASS:FIXMATES_MARKDUPES_SAMTOOLS (1) [  0%] 0 of 1
[-        ] process > HLA_TYPING_ARCASHLA:TYPE_HLA_ALLELES_ARCASHLA     -

executor >  local (4)
[2b/4d1db0] process > HLA_TYPING_HLAHD:FISH_HLA_READS_SAMPBOWT (1)      [100%] 1 of 1 ✔
[81/c95426] process > HLA_TYPING_HLAHD:TYPE_HLA_ALLELES_HLAHD (1)       [  0%] 0 of 1
[45/cdd220] process > ALIGN_READS_2PASS:ALIGN_READS_2PASS_STARSAM (1)   [100%] 1 of 1 ✔
[0a/7219b8] process > ALIGN_READS_2PASS:FIXMATES_MARKDUPES_SAMTOOLS (1) [100%] 1 of 1 ✔
[-        ] process > HLA_TYPING_ARCASHLA:TYPE_HLA_ALLELES_ARCASHLA     -

executor >  local (5)
[2b/4d1db0] process > HLA_TYPING_HLAHD:FISH_HLA_READS_SAMPBOWT (1)      [100%] 1 of 1 ✔
[81/c95426] process > HLA_TYPING_HLAHD:TYPE_HLA_ALLELES_HLAHD (1)       [  0%] 0 of 1
[45/cdd220] process > ALIGN_READS_2PASS:ALIGN_READS_2PASS_STARSAM (1)   [100%] 1 of 1 ✔
[0a/7219b8] process > ALIGN_READS_2PASS:FIXMATES_MARKDUPES_SAMTOOLS (1) [100%] 1 of 1 ✔
[00/759520] process > HLA_TYPING_ARCASHLA:TYPE_HLA_ALLELES_ARCASHLA (1) [  0%] 0 of 1

executor >  local (5)
[2b/4d1db0] process > HLA_TYPING_HLAHD:FISH_HLA_READS_SAMPBOWT (1)      [100%] 1 of 1 ✔
[81/c95426] process > HLA_TYPING_HLAHD:TYPE_HLA_ALLELES_HLAHD (1)       [  0%] 0 of 1
[45/cdd220] process > ALIGN_READS_2PASS:ALIGN_READS_2PASS_STARSAM (1)   [100%] 1 of 1 ✔
[0a/7219b8] process > ALIGN_READS_2PASS:FIXMATES_MARKDUPES_SAMTOOLS (1) [100%] 1 of 1 ✔
[00/759520] process > HLA_TYPING_ARCASHLA:TYPE_HLA_ALLELES_ARCASHLA (1) [100%] 1 of 1 ✔
